<?xml version="1.0" encoding="UTF-8"?>
<!-- Generated by org.testng.reporters.JUnitXMLReporter -->
<testsuite ignored="0" hostname="DESKTOP-9H0AI10" failures="1" tests="2" name="TestChrome" time="26.66" errors="0" timestamp="2024-03-26T13:06:33 CST">
  <testcase classname="JavaTest.JavaTestNG" name="TestCase17" time="16.709"/>
  <testcase classname="JavaTest.JavaTestNG" name="TestCase19" time="2.446">
    <failure type="org.openqa.selenium.StaleElementReferenceException" message="stale element reference: stale element not found
  (Session info: MicrosoftEdge=123.0.2420.53)
For documentation on this error, please visit: https://www.selenium.dev/documentation/webdriver/troubleshooting/errors#stale-element-reference-exception
Build info: version: &amp;apos;4.18.1&amp;apos;, revision: &amp;apos;b1d3319b48&amp;apos;
System info: os.name: &amp;apos;Windows 10&amp;apos;, os.arch: &amp;apos;amd64&amp;apos;, os.version: &amp;apos;10.0&amp;apos;, java.version: &amp;apos;17.0.4.1&amp;apos;
Driver info: org.openqa.selenium.edge.EdgeDriver
Command: [112bb8535f7563c7963f1aa43ebfe644, sendKeysToElement {value=[Ljava.lang.CharSequence;@476e6366, id=f.D349E5CF36D81AECB9A25284DF194F2C.d.06CF3CD988B69DC29FB061100572DC44.e.2}]
Capabilities {acceptInsecureCerts: false, browserName: MicrosoftEdge, browserVersion: 123.0.2420.53, fedcm:accounts: true, ms:edgeOptions: {debuggerAddress: localhost:63688}, msedge: {msedgedriverVersion: 123.0.2420.53 (357a32c89da2..., userDataDir: C:\Users\archie\AppData\Loc...}, networkConnectionEnabled: false, pageLoadStrategy: normal, platformName: windows, proxy: Proxy(), se:cdp: ws://localhost:63688/devtoo..., se:cdpVersion: 123.0.2420.53, setWindowRect: true, strictFileInteractability: false, timeouts: {implicit: 0, pageLoad: 300000, script: 30000}, unhandledPromptBehavior: dismiss and notify, webauthn:extension:credBlob: true, webauthn:extension:largeBlob: true, webauthn:extension:minPinLength: true, webauthn:extension:prf: true, webauthn:virtualAuthenticators: true}
Element: [[EdgeDriver: MicrosoftEdge on windows (112bb8535f7563c7963f1aa43ebfe644)] -&amp;gt; xpath: //textarea[@name=&amp;apos;q&amp;apos;]]
Session ID: 112bb8535f7563c7963f1aa43ebfe644">
      <![CDATA[org.openqa.selenium.StaleElementReferenceException: stale element reference: stale element not found
  (Session info: MicrosoftEdge=123.0.2420.53)
For documentation on this error, please visit: https://www.selenium.dev/documentation/webdriver/troubleshooting/errors#stale-element-reference-exception
Build info: version: '4.18.1', revision: 'b1d3319b48'
System info: os.name: 'Windows 10', os.arch: 'amd64', os.version: '10.0', java.version: '17.0.4.1'
Driver info: org.openqa.selenium.edge.EdgeDriver
Command: [112bb8535f7563c7963f1aa43ebfe644, sendKeysToElement {value=[Ljava.lang.CharSequence;@476e6366, id=f.D349E5CF36D81AECB9A25284DF194F2C.d.06CF3CD988B69DC29FB061100572DC44.e.2}]
Capabilities {acceptInsecureCerts: false, browserName: MicrosoftEdge, browserVersion: 123.0.2420.53, fedcm:accounts: true, ms:edgeOptions: {debuggerAddress: localhost:63688}, msedge: {msedgedriverVersion: 123.0.2420.53 (357a32c89da2..., userDataDir: C:\Users\archie\AppData\Loc...}, networkConnectionEnabled: false, pageLoadStrategy: normal, platformName: windows, proxy: Proxy(), se:cdp: ws://localhost:63688/devtoo..., se:cdpVersion: 123.0.2420.53, setWindowRect: true, strictFileInteractability: false, timeouts: {implicit: 0, pageLoad: 300000, script: 30000}, unhandledPromptBehavior: dismiss and notify, webauthn:extension:credBlob: true, webauthn:extension:largeBlob: true, webauthn:extension:minPinLength: true, webauthn:extension:prf: true, webauthn:virtualAuthenticators: true}
Element: [[EdgeDriver: MicrosoftEdge on windows (112bb8535f7563c7963f1aa43ebfe644)] -> xpath: //textarea[@name='q']]
Session ID: 112bb8535f7563c7963f1aa43ebfe644
at org.openqa.selenium.remote.ErrorCodec.decode(ErrorCodec.java:167)
at org.openqa.selenium.remote.codec.w3c.W3CHttpResponseCodec.decode(W3CHttpResponseCodec.java:138)
at org.openqa.selenium.remote.codec.w3c.W3CHttpResponseCodec.decode(W3CHttpResponseCodec.java:50)
at org.openqa.selenium.remote.HttpCommandExecutor.execute(HttpCommandExecutor.java:190)
at org.openqa.selenium.remote.service.DriverCommandExecutor.invokeExecute(DriverCommandExecutor.java:216)
at org.openqa.selenium.remote.service.DriverCommandExecutor.execute(DriverCommandExecutor.java:174)
at org.openqa.selenium.remote.RemoteWebDriver.execute(RemoteWebDriver.java:519)
at org.openqa.selenium.remote.RemoteWebElement.execute(RemoteWebElement.java:223)
at org.openqa.selenium.remote.RemoteWebElement.sendKeys(RemoteWebElement.java:110)
at SourcePages.OpenPage.enterSearchInput(OpenPage.java:44)
at JavaMain.JavaSelenium.HandleUsingClass(JavaSelenium.java:946)
at JavaTest.JavaTestNG.TestCase19(JavaTestNG.java:56)
at java.base/java.util.ArrayList.forEach(ArrayList.java:1511)
at java.base/java.util.concurrent.FutureTask.run(FutureTask.java:264)
at java.base/java.util.concurrent.ThreadPoolExecutor.runWorker(ThreadPoolExecutor.java:1136)
at java.base/java.util.concurrent.ThreadPoolExecutor$Worker.run(ThreadPoolExecutor.java:635)
at java.base/java.lang.Thread.run(Thread.java:833)
... Removed 22 stack frames]]>
    </failure>
  </testcase> <!-- TestCase19 -->
</testsuite> <!-- TestChrome -->
